Reading ./composer.json
Loading config file /home/wyrihaximus/.composer/config.json
Loading config file /home/wyrihaximus/.composer/auth.json
Loading config file ./composer.json
Checked CA file /etc/ssl/certs/ca-certificates.crt: valid
Executing command (/home/wyrihaximus/Projects/php-packagist-vs-phpclasses-performance/phpclass-packagist-false): git branch --no-color --no-abbrev -v
Reading /home/wyrihaximus/.composer/composer.json
Loading config file /home/wyrihaximus/.composer/config.json
Loading config file /home/wyrihaximus/.composer/auth.json
Loading config file /home/wyrihaximus/.composer/composer.json
Loading config file /home/wyrihaximus/.composer/auth.json
Reading /home/wyrihaximus/.composer/auth.json
Reading /home/wyrihaximus/.composer/vendor/composer/installed.json
Running 1.2.0 (2016-07-19 01:28:52) with PHP 5.6.18-1+deb.sury.org~trusty+1 on Linux / 3.13.0-35-generic
[11.0MB/0.00s] Loading composer repositories with package information
[11.3MB/0.01s] Downloading https://www.phpclasses.org/packages.json
[23.6MB/1.67s] Writing /home/wyrihaximus/.composer/cache/repo/https---www.phpclasses.org/packages.json into cache
[29.8MB/1.78s] Updating dependencies (including require-dev)
[30.5MB/1.79s] Resolving dependencies through SAT
[30.5MB/1.79s] Dependency resolution completed in 0.000 seconds
[30.6MB/1.79s] Analyzed 3579 packages to resolve dependencies
[30.6MB/1.79s] Analyzed 69 rules to resolve dependencies
[30.6MB/1.79s]   - Installing phpclasses/zodiacals (1.0.0)
[30.8MB/1.80s]     Downloading
[30.8MB/1.80s] Downloading https://www.phpclasses.org/install/package/zodiacals.zip
[30.9MB/2.83s] 
[30.9MB/2.83s] Failed: [Composer\Downloader\TransportException] 401: The 'https://www.phpclasses.org/install/package/zodiacals.zip' URL required authentication.
You must be using the interactive console to authenticate

                                                                                               
  [Composer\Downloader\TransportException]                                                     
  The 'https://www.phpclasses.org/install/package/zodiacals.zip' URL required authentication.  
  You must be using the interactive console to authenticate                                    
                                                                                               

Exception trace:
 () at phar:///usr/local/bin/composer/src/Composer/Util/RemoteFilesystem.php:630
 Composer\Util\RemoteFilesystem->promptAuthAndRetry() at phar:///usr/local/bin/composer/src/Composer/Util/RemoteFilesystem.php:537
 Composer\Util\RemoteFilesystem->callbackGet() at n/a:n/a
 file_get_contents() at phar:///usr/local/bin/composer/src/Composer/Util/RemoteFilesystem.php:289
 Composer\Util\RemoteFilesystem->get() at phar:///usr/local/bin/composer/src/Composer/Util/RemoteFilesystem.php:86
 Composer\Util\RemoteFilesystem->copy() at phar:///usr/local/bin/composer/src/Composer/Downloader/FileDownloader.php:139
 Composer\Downloader\FileDownloader->doDownload() at phar:///usr/local/bin/composer/src/Composer/Downloader/FileDownloader.php:91
 Composer\Downloader\FileDownloader->download() at phar:///usr/local/bin/composer/src/Composer/Downloader/ArchiveDownloader.php:36
 Composer\Downloader\ArchiveDownloader->download() at phar:///usr/local/bin/composer/src/Composer/Downloader/ZipDownloader.php:65
 Composer\Downloader\ZipDownloader->download() at phar:///usr/local/bin/composer/src/Composer/Downloader/DownloadManager.php:213
 Composer\Downloader\DownloadManager->download() at phar:///usr/local/bin/composer/src/Composer/Installer/LibraryInstaller.php:186
 Composer\Installer\LibraryInstaller->installCode() at phar:///usr/local/bin/composer/src/Composer/Installer/LibraryInstaller.php:90
 Composer\Installer\LibraryInstaller->install() at phar:///usr/local/bin/composer/src/Composer/Installer/InstallationManager.php:173
 Composer\Installer\InstallationManager->install() at phar:///usr/local/bin/composer/src/Composer/Installer/InstallationManager.php:160
 Composer\Installer\InstallationManager->execute() at phar:///usr/local/bin/composer/src/Composer/Installer.php:542
 Composer\Installer->doInstall() at phar:///usr/local/bin/composer/src/Composer/Installer.php:216
 Composer\Installer->run() at phar:///usr/local/bin/composer/src/Composer/Command/InstallCommand.php:135
 Composer\Command\InstallCommand->execute() at phar:///usr/local/bin/composer/vendor/symfony/console/Command/Command.php:259
 Symfony\Component\Console\Command\Command->run() at phar:///usr/local/bin/composer/vendor/symfony/console/Application.php:844
 Symfony\Component\Console\Application->doRunCommand() at phar:///usr/local/bin/composer/vendor/symfony/console/Application.php:192
 Symfony\Component\Console\Application->doRun() at phar:///usr/local/bin/composer/src/Composer/Console/Application.php:231
 Composer\Console\Application->doRun() at phar:///usr/local/bin/composer/vendor/symfony/console/Application.php:123
 Symfony\Component\Console\Application->run() at phar:///usr/local/bin/composer/src/Composer/Console/Application.php:104
 Composer\Console\Application->run() at phar:///usr/local/bin/composer/bin/composer:43
 require() at /usr/local/bin/composer:24

install [--prefer-source] [--prefer-dist] [--dry-run] [--dev] [--no-dev] [--no-custom-installers] [--no-autoloader] [--no-scripts] [--no-progress] [--no-suggest] [-v|vv|vvv|--verbose] [-o|--optimize-autoloader] [-a|--classmap-authoritative] [--ignore-platform-reqs] [--] [<packages>]...

